2022-06-11 11:01:59.541  INFO 22572 --- [restartedMain] c.g.CloudTestingAppActivity1Application  : Starting CloudTestingAppActivity1Application using Java 17.0.2 on LAPTOP-2QH591OM with PID 22572 (C:\Users\matth\git\CST323Repo\target\classes started by matth in C:\Users\matth\git\CST323Repo)
2022-06-11 11:01:59.544  INFO 22572 --- [restartedMain] c.g.CloudTestingAppActivity1Application  : No active profile set, falling back to 1 default profile: "default"
2022-06-11 11:01:59.659  INFO 22572 --- [restartedMain] .e.DevToolsPropertyDefaultsPostProcessor : Devtools property defaults active! Set 'spring.devtools.add-properties' to 'false' to disable
2022-06-11 11:01:59.671  INFO 22572 --- [restartedMain] .e.DevToolsPropertyDefaultsPostProcessor : For additional web related logging consider setting the 'logging.level.web' property to 'DEBUG'
2022-06-11 11:02:00.959  INFO 22572 --- [restartedMain] .s.d.r.c.RepositoryConfigurationDelegate : Bootstrapping Spring Data JDBC repositories in DEFAULT mode.
2022-06-11 11:02:01.063  INFO 22572 --- [restartedMain] .s.d.r.c.RepositoryConfigurationDelegate : Finished Spring Data repository scanning in 96 ms. Found 2 JDBC repository interfaces.
2022-06-11 11:02:02.574  INFO 22572 --- [restartedMain] o.s.b.w.embedded.tomcat.TomcatWebServer  : Tomcat initialized with port(s): 8080 (http)
2022-06-11 11:02:02.598  INFO 22572 --- [restartedMain] o.apache.catalina.core.StandardService   : Starting service [Tomcat]
2022-06-11 11:02:02.599  INFO 22572 --- [restartedMain] org.apache.catalina.core.StandardEngine  : Starting Servlet engine: [Apache Tomcat/9.0.62]
2022-06-11 11:02:02.718  INFO 22572 --- [restartedMain] o.a.c.c.C.[Tomcat].[localhost].[/]       : Initializing Spring embedded WebApplicationContext
2022-06-11 11:02:02.719  INFO 22572 --- [restartedMain] w.s.c.ServletWebServerApplicationContext : Root WebApplicationContext: initialization completed in 3047 ms
2022-06-11 11:02:03.002  INFO 22572 --- [restartedMain] com.zaxxer.hikari.HikariDataSource       : HikariPool-1 - Starting...
2022-06-11 11:02:04.940  INFO 22572 --- [restartedMain] com.zaxxer.hikari.HikariDataSource       : HikariPool-1 - Start completed.
2022-06-11 11:02:05.201  INFO 22572 --- [restartedMain] o.s.b.d.a.OptionalLiveReloadServer       : LiveReload server is running on port 35729
2022-06-11 11:02:05.880  INFO 22572 --- [restartedMain] o.s.b.a.w.s.WelcomePageHandlerMapping    : Adding welcome page template: index
2022-06-11 11:02:06.244  INFO 22572 --- [restartedMain] o.s.b.w.embedded.tomcat.TomcatWebServer  : Tomcat started on port(s): 8080 (http) with context path ''
2022-06-11 11:02:06.264  INFO 22572 --- [restartedMain] c.g.CloudTestingAppActivity1Application  : Started CloudTestingAppActivity1Application in 7.881 seconds (JVM running for 9.322)
2022-06-11 11:02:11.249  INFO 22572 --- [http-nio-8080-exec-1] o.a.c.c.C.[Tomcat].[localhost].[/]       : Initializing Spring DispatcherServlet 'dispatcherServlet'
2022-06-11 11:02:11.250  INFO 22572 --- [http-nio-8080-exec-1] o.s.web.servlet.DispatcherServlet        : Initializing Servlet 'dispatcherServlet'
2022-06-11 11:02:11.251  INFO 22572 --- [http-nio-8080-exec-1] o.s.web.servlet.DispatcherServlet        : Completed initialization in 1 ms
2022-06-11 11:02:11.290  INFO 22572 --- [http-nio-8080-exec-1] com.gcu.controllers.HomeController       : Logger info message
2022-06-11 11:02:11.290  WARN 22572 --- [http-nio-8080-exec-1] com.gcu.controllers.HomeController       : Logger warn message
2022-06-11 11:02:11.290 ERROR 22572 --- [http-nio-8080-exec-1] com.gcu.controllers.HomeController       : Logger error message.
2022-06-11 11:02:11.291  INFO 22572 --- [http-nio-8080-exec-1] com.gcu.logs.SpringLoggingHelper         : Logger info message
2022-06-11 11:02:11.292  WARN 22572 --- [http-nio-8080-exec-1] com.gcu.logs.SpringLoggingHelper         : Logger warn message
2022-06-11 11:02:11.293 ERROR 22572 --- [http-nio-8080-exec-1] com.gcu.logs.SpringLoggingHelper         : Logger error message.
2022-06-11 11:03:16.010  INFO 22572 --- [http-nio-8080-exec-5] com.gcu.controllers.HomeController       : Logger info message
2022-06-11 11:03:16.010  WARN 22572 --- [http-nio-8080-exec-5] com.gcu.controllers.HomeController       : Logger warn message
2022-06-11 11:03:16.010 ERROR 22572 --- [http-nio-8080-exec-5] com.gcu.controllers.HomeController       : Logger error message.
2022-06-11 11:03:16.010  INFO 22572 --- [http-nio-8080-exec-5] com.gcu.logs.SpringLoggingHelper         : Logger info message
2022-06-11 11:03:16.010  WARN 22572 --- [http-nio-8080-exec-5] com.gcu.logs.SpringLoggingHelper         : Logger warn message
2022-06-11 11:03:16.010 ERROR 22572 --- [http-nio-8080-exec-5] com.gcu.logs.SpringLoggingHelper         : Logger error message.
2022-06-11 11:20:07.518  INFO 22572 --- [SpringApplicationShutdownHook] com.zaxxer.hikari.HikariDataSource       : HikariPool-1 - Shutdown initiated...
2022-06-11 11:20:07.532  INFO 22572 --- [SpringApplicationShutdownHook] com.zaxxer.hikari.HikariDataSource       : HikariPool-1 - Shutdown completed.
2022-06-11 11:20:13.615  INFO 15372 --- [restartedMain] c.g.CloudTestingAppActivity1Application  : Starting CloudTestingAppActivity1Application using Java 17.0.2 on LAPTOP-2QH591OM with PID 15372 (C:\Users\matth\git\CST323Repo\target\classes started by matth in C:\Users\matth\git\CST323Repo)
2022-06-11 11:20:13.620  INFO 15372 --- [restartedMain] c.g.CloudTestingAppActivity1Application  : No active profile set, falling back to 1 default profile: "default"
2022-06-11 11:20:13.768  INFO 15372 --- [restartedMain] .e.DevToolsPropertyDefaultsPostProcessor : Devtools property defaults active! Set 'spring.devtools.add-properties' to 'false' to disable
2022-06-11 11:20:13.769  INFO 15372 --- [restartedMain] .e.DevToolsPropertyDefaultsPostProcessor : For additional web related logging consider setting the 'logging.level.web' property to 'DEBUG'
2022-06-11 11:20:15.363  INFO 15372 --- [restartedMain] .s.d.r.c.RepositoryConfigurationDelegate : Bootstrapping Spring Data JDBC repositories in DEFAULT mode.
2022-06-11 11:20:15.470  INFO 15372 --- [restartedMain] .s.d.r.c.RepositoryConfigurationDelegate : Finished Spring Data repository scanning in 98 ms. Found 2 JDBC repository interfaces.
2022-06-11 11:20:17.099  INFO 15372 --- [restartedMain] o.s.b.w.embedded.tomcat.TomcatWebServer  : Tomcat initialized with port(s): 8080 (http)
2022-06-11 11:20:17.288  INFO 15372 --- [restartedMain] w.s.c.ServletWebServerApplicationContext : Root WebApplicationContext: initialization completed in 3518 ms
2022-06-11 11:20:17.620  INFO 15372 --- [restartedMain] com.zaxxer.hikari.HikariDataSource       : HikariPool-1 - Starting...
2022-06-11 11:20:19.175  INFO 15372 --- [restartedMain] com.zaxxer.hikari.HikariDataSource       : HikariPool-1 - Start completed.
2022-06-11 11:20:19.425  INFO 15372 --- [restartedMain] o.s.b.d.a.OptionalLiveReloadServer       : LiveReload server is running on port 35729
2022-06-11 11:20:20.027  INFO 15372 --- [restartedMain] o.s.b.a.w.s.WelcomePageHandlerMapping    : Adding welcome page template: index
2022-06-11 11:20:20.376  INFO 15372 --- [restartedMain] o.s.b.w.embedded.tomcat.TomcatWebServer  : Tomcat started on port(s): 8080 (http) with context path ''
2022-06-11 11:20:20.397  INFO 15372 --- [restartedMain] c.g.CloudTestingAppActivity1Application  : Started CloudTestingAppActivity1Application in 8.001 seconds (JVM running for 9.165)
2022-06-11 11:20:20.440  INFO 15372 --- [SpringApplicationShutdownHook] com.zaxxer.hikari.HikariDataSource       : HikariPool-1 - Shutdown initiated...
2022-06-11 11:20:20.976  INFO 15372 --- [SpringApplicationShutdownHook] com.zaxxer.hikari.HikariDataSource       : HikariPool-1 - Shutdown completed.
